<?xml version="1.0" encoding="UTF-8"?>
<testsuite xmlns:xsi="http://www.w3.org/2001/XMLSchema-instance" xsi:schemaLocation="https://maven.apache.org/surefire/maven-surefire-plugin/xsd/surefire-test-report.xsd" name="com.synclab.internship.keytest.MainTest" time="19.094" tests="2" errors="2" skipped="0" failures="0">
  <properties>
[...]
</properties>
  <testcase name="testHelloWorld" classname="com.synclab.internship.keytest.MainTest" time="0.236">
    <error message="HTTP 404 Not Found" type="javax.ws.rs.NotFoundException">javax.ws.rs.NotFoundException: HTTP 404 Not Found
	at com.synclab.internship.keytest.MainTest.testHelloWorld(MainTest.java:50)
</error>
    <system-out><![CDATA[2020.05.13 10:44:24 INFO org.jboss.weld.Version Thread[main,5,main]: WELD-000900: 3.1.1 (Final)
2020.05.13 10:44:24 INFO org.jboss.weld.Bootstrap Thread[main,5,main]: WELD-ENV-000020: Using jandex for bean discovery
2020.05.13 10:44:24 INFO org.jboss.weld.Bootstrap Thread[main,5,main]: WELD-000101: Transactional services not available. Injection of @Inject UserTransaction not available. Transactional observers will be invoked synchronously.
2020.05.13 10:44:25 INFO org.jboss.weld.Event Thread[main,5,main]: WELD-000411: Observer method [BackedAnnotatedMethod] private io.helidon.microprofile.openapi.IndexBuilder.processAnnotatedType(@Observes ProcessAnnotatedType<X>) receives events for all annotated types. Consider restricting events using @WithAnnotations or a generic type with bounds.
2020.05.13 10:44:25 INFO org.jboss.weld.Event Thread[main,5,main]: WELD-000411: Observer method [BackedAnnotatedMethod] public org.glassfish.jersey.ext.cdi1x.internal.ProcessAllAnnotatedTypes.processAnnotatedType(@Observes ProcessAnnotatedType<?>, BeanManager) receives events for all annotated types. Consider restricting events using @WithAnnotations or a generic type with bounds.
2020.05.13 10:44:25 INFO org.jboss.weld.Bootstrap Thread[main,5,main]: WELD-ENV-002003: Weld SE container 47e7fcf6-fc8c-4840-b0ff-52b951bb620d initialized
2020.05.13 10:44:26 WARNING com.netflix.config.sources.URLConfigurationSource Thread[main,5,main]: No URLs will be polled as dynamic configuration sources.
2020.05.13 10:44:26 INFO com.netflix.config.sources.URLConfigurationSource Thread[main,5,main]: To enable URLs as dynamic configuration sources, define System property archaius.configurationSource.additionalUrls or make config.properties available on classpath.
2020.05.13 10:44:26 INFO com.netflix.config.DynamicPropertyFactory Thread[main,5,main]: DynamicPropertyFactory is initialized with configuration sources: com.netflix.config.ConcurrentCompositeConfiguration@1a3e8e24
2020.05.13 10:44:26 INFO io.helidon.microprofile.faulttolerance.CommandRetrier Thread[main,5,main]: About to execute command with key putRegistration2061226679 on thread main
2020.05.13 10:44:26 INFO io.helidon.microprofile.security.SecurityMpService Thread[main,5,main]: Security extension for microprofile is enabled, yet security configuration is missing from config (requires providers configuration at key security.providers). Security will not have any valid provider.
2020.05.13 10:44:27 INFO io.helidon.webserver.NettyWebServer Thread[main,5,main]: Version: 1.4.4
2020.05.13 10:44:27 INFO io.helidon.webserver.NettyWebServer Thread[nioEventLoopGroup-2-1,10,main]: Channel '@default' started: [id: 0x2d4ff644, L:/0:0:0:0:0:0:0:0:58812]
2020.05.13 10:44:27 INFO io.helidon.microprofile.server.ServerImpl Thread[nioEventLoopGroup-2-1,10,main]: Server initialized on http://localhost:58812 (and all other host addresses) in 3720 milliseconds.
]]></system-out>
  </testcase>
  <testcase name="com.synclab.internship.keytest.MainTest" classname="com.synclab.internship.keytest.MainTest" time="15.363">
    <error message="Entity must not be null for http method PUT." type="java.lang.IllegalStateException">java.lang.IllegalStateException: Entity must not be null for http method PUT.
</error>
    <system-out><![CDATA[2020.05.13 10:44:27 INFO io.helidon.microprofile.faulttolerance.CommandRetrier Thread[main,5,main]: About to execute command with key putDeregistration-1327752237 on thread main
2020.05.13 10:44:27 INFO io.helidon.microprofile.faulttolerance.FaultToleranceCommand Thread[main,5,main]: Waiting for completion of thread Thread[hystrix-io.helidon.microprofile.faulttolerance-2,5,main]
2020.05.13 10:44:33 INFO io.helidon.microprofile.faulttolerance.CommandRetrier Thread[main,5,main]: About to execute command with key putDeregistration-1327752237 on thread main
2020.05.13 10:44:33 INFO io.helidon.microprofile.faulttolerance.FaultToleranceCommand Thread[main,5,main]: Waiting for completion of thread Thread[hystrix-io.helidon.microprofile.faulttolerance-3,5,main]
2020.05.13 10:44:37 INFO io.helidon.microprofile.faulttolerance.CommandRetrier Thread[main,5,main]: About to execute command with key putDeregistration-1327752237 on thread main
2020.05.13 10:44:37 INFO io.helidon.microprofile.faulttolerance.FaultToleranceCommand Thread[main,5,main]: Waiting for completion of thread Thread[hystrix-io.helidon.microprofile.faulttolerance-4,5,main]
2020.05.13 10:44:42 INFO io.helidon.microprofile.faulttolerance.CommandRetrier Thread[main,5,main]: About to execute command with key putDeregistration-1327752237 on thread main
2020.05.13 10:44:42 INFO io.helidon.microprofile.faulttolerance.FaultToleranceCommand Thread[main,5,main]: Waiting for completion of thread Thread[hystrix-io.helidon.microprofile.faulttolerance-5,5,main]
2020.05.13 10:44:42 INFO org.jboss.weld.Bootstrap Thread[main,5,main]: WELD-ENV-002001: Weld SE container 47e7fcf6-fc8c-4840-b0ff-52b951bb620d shut down
]]></system-out>
  </testcase>
</testsuite>