<?xml version="1.0" encoding="UTF-8"?>
<testsuite xmlns:xsi="http://www.w3.org/2001/XMLSchema-instance" xsi:schemaLocation="https://maven.apache.org/surefire/maven-surefire-plugin/xsd/surefire-test-report.xsd" name="com.synclab.internship.keytest.MainTest" time="3.452" tests="1" errors="1" skipped="0" failures="0">
  <properties>
[...]
</properties>
  <testcase name="com.synclab.internship.keytest.MainTest" classname="com.synclab.internship.keytest.MainTest" time="3.451">
    <error type="java.lang.NullPointerException">java.lang.NullPointerException
	at com.synclab.internship.keytest.MainTest.startTheServer(MainTest.java:39)
</error>
    <system-out><![CDATA[2020.05.13 10:29:22 INFO org.jboss.weld.Version Thread[main,5,main]: WELD-000900: 3.1.1 (Final)
2020.05.13 10:29:22 INFO org.jboss.weld.Bootstrap Thread[main,5,main]: WELD-ENV-000020: Using jandex for bean discovery
2020.05.13 10:29:22 INFO org.jboss.weld.Bootstrap Thread[main,5,main]: WELD-000101: Transactional services not available. Injection of @Inject UserTransaction not available. Transactional observers will be invoked synchronously.
2020.05.13 10:29:23 INFO org.jboss.weld.Event Thread[main,5,main]: WELD-000411: Observer method [BackedAnnotatedMethod] public org.glassfish.jersey.ext.cdi1x.internal.ProcessAllAnnotatedTypes.processAnnotatedType(@Observes ProcessAnnotatedType<?>, BeanManager) receives events for all annotated types. Consider restricting events using @WithAnnotations or a generic type with bounds.
2020.05.13 10:29:23 INFO org.jboss.weld.Event Thread[main,5,main]: WELD-000411: Observer method [BackedAnnotatedMethod] private io.helidon.microprofile.openapi.IndexBuilder.processAnnotatedType(@Observes ProcessAnnotatedType<X>) receives events for all annotated types. Consider restricting events using @WithAnnotations or a generic type with bounds.
2020.05.13 10:29:23 INFO org.jboss.weld.Bootstrap Thread[main,5,main]: WELD-ENV-002003: Weld SE container cec8b42a-7852-4130-94ef-7d1ae3dcd49d initialized
2020.05.13 10:29:24 WARNING com.netflix.config.sources.URLConfigurationSource Thread[main,5,main]: No URLs will be polled as dynamic configuration sources.
2020.05.13 10:29:24 INFO com.netflix.config.sources.URLConfigurationSource Thread[main,5,main]: To enable URLs as dynamic configuration sources, define System property archaius.configurationSource.additionalUrls or make config.properties available on classpath.
2020.05.13 10:29:24 INFO com.netflix.config.DynamicPropertyFactory Thread[main,5,main]: DynamicPropertyFactory is initialized with configuration sources: com.netflix.config.ConcurrentCompositeConfiguration@659feb22
2020.05.13 10:29:24 INFO io.helidon.microprofile.faulttolerance.CommandRetrier Thread[main,5,main]: About to execute command with key putRegistration1176104170 on thread main
2020.05.13 10:29:25 INFO io.helidon.microprofile.faulttolerance.CommandRetrier Thread[main,5,main]: About to execute command with key getServicesWithFilter-2071340239 on thread main
]]></system-out>
  </testcase>
</testsuite>